\BOOKMARK [0][-]{chapter.1}{\376\377\000S\000y\000n\000o\000p\000s\000i\000s}{}% 1
\BOOKMARK [0][-]{chapter.2}{\376\377\000D\000e\000s\000c\000r\000i\000p\000t\000i\000o\000n}{}% 2
\BOOKMARK [1][-]{section*.1}{\376\377\000U\000s\000i\000n\000g\000\040\000p\000a\000n\000d\000o\000c}{chapter.2}% 3
\BOOKMARK [1][-]{section*.2}{\376\377\000C\000r\000e\000a\000t\000i\000n\000g\000\040\000a\000\040\000P\000D\000F}{chapter.2}% 4
\BOOKMARK [1][-]{section*.3}{\376\377\000h\000s\000m\000a\000r\000k\000d\000o\000w\000n}{chapter.2}% 5
\BOOKMARK [0][-]{chapter.3}{\376\377\000O\000p\000t\000i\000o\000n\000s}{}% 6
\BOOKMARK [1][-]{section*.4}{\376\377\000G\000e\000n\000e\000r\000a\000l\000\040\000o\000p\000t\000i\000o\000n\000s}{chapter.3}% 7
\BOOKMARK [1][-]{section*.5}{\376\377\000R\000e\000a\000d\000e\000r\000\040\000o\000p\000t\000i\000o\000n\000s}{chapter.3}% 8
\BOOKMARK [1][-]{section*.6}{\376\377\000G\000e\000n\000e\000r\000a\000l\000\040\000w\000r\000i\000t\000e\000r\000\040\000o\000p\000t\000i\000o\000n\000s}{chapter.3}% 9
\BOOKMARK [1][-]{section*.7}{\376\377\000O\000p\000t\000i\000o\000n\000s\000\040\000a\000f\000f\000e\000c\000t\000i\000n\000g\000\040\000s\000p\000e\000c\000i\000f\000i\000c\000\040\000w\000r\000i\000t\000e\000r\000s}{chapter.3}% 10
\BOOKMARK [1][-]{section*.8}{\376\377\000C\000i\000t\000a\000t\000i\000o\000n\000\040\000r\000e\000n\000d\000e\000r\000i\000n\000g}{chapter.3}% 11
\BOOKMARK [1][-]{section*.9}{\376\377\000M\000a\000t\000h\000\040\000r\000e\000n\000d\000e\000r\000i\000n\000g\000\040\000i\000n\000\040\000H\000T\000M\000L}{chapter.3}% 12
\BOOKMARK [1][-]{section*.10}{\376\377\000O\000p\000t\000i\000o\000n\000s\000\040\000f\000o\000r\000\040\000w\000r\000a\000p\000p\000e\000r\000\040\000s\000c\000r\000i\000p\000t\000s}{chapter.3}% 13
\BOOKMARK [0][-]{chapter.4}{\376\377\000T\000e\000m\000p\000l\000a\000t\000e\000s}{}% 14
\BOOKMARK [0][-]{chapter.5}{\376\377\000P\000a\000n\000d\000o\000c\000'\000s\000\040\000m\000a\000r\000k\000d\000o\000w\000n}{}% 15
\BOOKMARK [1][-]{section*.11}{\376\377\000P\000h\000i\000l\000o\000s\000o\000p\000h\000y}{chapter.5}% 16
\BOOKMARK [1][-]{section*.12}{\376\377\000P\000a\000r\000a\000g\000r\000a\000p\000h\000s}{chapter.5}% 17
\BOOKMARK [1][-]{section*.14}{\376\377\000H\000e\000a\000d\000e\000r\000s}{chapter.5}% 18
\BOOKMARK [2][-]{section*.15}{\376\377\000S\000e\000t\000e\000x\000t\000-\000s\000t\000y\000l\000e\000\040\000h\000e\000a\000d\000e\000r\000s}{section*.14}% 19
\BOOKMARK [2][-]{section*.16}{\376\377\000A\000t\000x\000-\000s\000t\000y\000l\000e\000\040\000h\000e\000a\000d\000e\000r\000s}{section*.14}% 20
\BOOKMARK [2][-]{section*.18}{\376\377\000H\000e\000a\000d\000e\000r\000\040\000i\000d\000e\000n\000t\000i\000f\000i\000e\000r\000s\000\040\000i\000n\000\040\000H\000T\000M\000L\000,\000\040\000L\000a\000T\000e\000X\000,\000\040\000a\000n\000d\000\040\000C\000o\000n\000T\000e\000X\000t}{section*.14}% 21
\BOOKMARK [1][-]{section*.22}{\376\377\000B\000l\000o\000c\000k\000\040\000q\000u\000o\000t\000a\000t\000i\000o\000n\000s}{chapter.5}% 22
\BOOKMARK [1][-]{section*.24}{\376\377\000V\000e\000r\000b\000a\000t\000i\000m\000\040\000\050\000c\000o\000d\000e\000\051\000\040\000b\000l\000o\000c\000k\000s}{chapter.5}% 23
\BOOKMARK [2][-]{section*.25}{\376\377\000I\000n\000d\000e\000n\000t\000e\000d\000\040\000c\000o\000d\000e\000\040\000b\000l\000o\000c\000k\000s}{section*.24}% 24
\BOOKMARK [2][-]{section*.26}{\376\377\000F\000e\000n\000c\000e\000d\000\040\000c\000o\000d\000e\000\040\000b\000l\000o\000c\000k\000s}{section*.24}% 25
\BOOKMARK [1][-]{section*.29}{\376\377\000L\000i\000n\000e\000\040\000b\000l\000o\000c\000k\000s}{chapter.5}% 26
\BOOKMARK [1][-]{section*.31}{\376\377\000L\000i\000s\000t\000s}{chapter.5}% 27
\BOOKMARK [2][-]{section*.32}{\376\377\000B\000u\000l\000l\000e\000t\000\040\000l\000i\000s\000t\000s}{section*.31}% 28
\BOOKMARK [2][-]{section*.33}{\376\377\000T\000h\000e\000\040\000f\000o\000u\000r\000-\000s\000p\000a\000c\000e\000\040\000r\000u\000l\000e}{section*.31}% 29
\BOOKMARK [2][-]{section*.34}{\376\377\000O\000r\000d\000e\000r\000e\000d\000\040\000l\000i\000s\000t\000s}{section*.31}% 30
\BOOKMARK [2][-]{section*.37}{\376\377\000D\000e\000f\000i\000n\000i\000t\000i\000o\000n\000\040\000l\000i\000s\000t\000s}{section*.31}% 31
\BOOKMARK [2][-]{section*.39}{\376\377\000N\000u\000m\000b\000e\000r\000e\000d\000\040\000e\000x\000a\000m\000p\000l\000e\000\040\000l\000i\000s\000t\000s}{section*.31}% 32
\BOOKMARK [2][-]{section*.41}{\376\377\000C\000o\000m\000p\000a\000c\000t\000\040\000a\000n\000d\000\040\000l\000o\000o\000s\000e\000\040\000l\000i\000s\000t\000s}{section*.31}% 33
\BOOKMARK [2][-]{section*.42}{\376\377\000E\000n\000d\000i\000n\000g\000\040\000a\000\040\000l\000i\000s\000t}{section*.31}% 34
\BOOKMARK [1][-]{section*.43}{\376\377\000H\000o\000r\000i\000z\000o\000n\000t\000a\000l\000\040\000r\000u\000l\000e\000s}{chapter.5}% 35
\BOOKMARK [1][-]{section*.44}{\376\377\000T\000a\000b\000l\000e\000s}{chapter.5}% 36
\BOOKMARK [1][-]{section*.50}{\376\377\000M\000e\000t\000a\000d\000a\000t\000a\000\040\000b\000l\000o\000c\000k\000s}{chapter.5}% 37
\BOOKMARK [1][-]{section*.53}{\376\377\000B\000a\000c\000k\000s\000l\000a\000s\000h\000\040\000e\000s\000c\000a\000p\000e\000s}{chapter.5}% 38
\BOOKMARK [1][-]{section*.55}{\376\377\000S\000m\000a\000r\000t\000\040\000p\000u\000n\000c\000t\000u\000a\000t\000i\000o\000n}{chapter.5}% 39
\BOOKMARK [1][-]{section*.57}{\376\377\000I\000n\000l\000i\000n\000e\000\040\000f\000o\000r\000m\000a\000t\000t\000i\000n\000g}{chapter.5}% 40
\BOOKMARK [2][-]{section*.58}{\376\377\000E\000m\000p\000h\000a\000s\000i\000s}{section*.57}% 41
\BOOKMARK [2][-]{section*.60}{\376\377\000S\000t\000r\000i\000k\000e\000o\000u\000t}{section*.57}% 42
\BOOKMARK [2][-]{section*.62}{\376\377\000S\000u\000p\000e\000r\000s\000c\000r\000i\000p\000t\000s\000\040\000a\000n\000d\000\040\000s\000u\000b\000s\000c\000r\000i\000p\000t\000s}{section*.57}% 43
\BOOKMARK [2][-]{section*.64}{\376\377\000V\000e\000r\000b\000a\000t\000i\000m}{section*.57}% 44
\BOOKMARK [2][-]{section*.66}{\376\377\000S\000m\000a\000l\000l\000\040\000c\000a\000p\000s}{section*.57}% 45
\BOOKMARK [1][-]{section*.67}{\376\377\000M\000a\000t\000h}{chapter.5}% 46
\BOOKMARK [1][-]{section*.69}{\376\377\000R\000a\000w\000\040\000H\000T\000M\000L}{chapter.5}% 47
\BOOKMARK [1][-]{section*.74}{\376\377\000R\000a\000w\000\040\000T\000e\000X}{chapter.5}% 48
\BOOKMARK [1][-]{section*.76}{\376\377\000L\000a\000T\000e\000X\000\040\000m\000a\000c\000r\000o\000s}{chapter.5}% 49
\BOOKMARK [1][-]{section*.78}{\376\377\000L\000i\000n\000k\000s}{chapter.5}% 50
\BOOKMARK [2][-]{section*.79}{\376\377\000A\000u\000t\000o\000m\000a\000t\000i\000c\000\040\000l\000i\000n\000k\000s}{section*.78}% 51
\BOOKMARK [2][-]{section*.80}{\376\377\000I\000n\000l\000i\000n\000e\000\040\000l\000i\000n\000k\000s}{section*.78}% 52
\BOOKMARK [2][-]{section*.81}{\376\377\000R\000e\000f\000e\000r\000e\000n\000c\000e\000\040\000l\000i\000n\000k\000s}{section*.78}% 53
\BOOKMARK [2][-]{section*.82}{\376\377\000I\000n\000t\000e\000r\000n\000a\000l\000\040\000l\000i\000n\000k\000s}{section*.78}% 54
\BOOKMARK [1][-]{section*.83}{\376\377\000I\000m\000a\000g\000e\000s}{chapter.5}% 55
\BOOKMARK [1][-]{section*.85}{\376\377\000F\000o\000o\000t\000n\000o\000t\000e\000s}{chapter.5}% 56
\BOOKMARK [1][-]{section*.88}{\376\377\000C\000i\000t\000a\000t\000i\000o\000n\000s}{chapter.5}% 57
\BOOKMARK [1][-]{section*.90}{\376\377\000N\000o\000n\000-\000p\000a\000n\000d\000o\000c\000\040\000e\000x\000t\000e\000n\000s\000i\000o\000n\000s}{chapter.5}% 58
\BOOKMARK [1][-]{section*.104}{\376\377\000M\000a\000r\000k\000d\000o\000w\000n\000\040\000v\000a\000r\000i\000a\000n\000t\000s}{chapter.5}% 59
\BOOKMARK [1][-]{section*.105}{\376\377\000E\000x\000t\000e\000n\000s\000i\000o\000n\000s\000\040\000w\000i\000t\000h\000\040\000f\000o\000r\000m\000a\000t\000s\000\040\000o\000t\000h\000e\000r\000\040\000t\000h\000a\000n\000\040\000m\000a\000r\000k\000d\000o\000w\000n}{chapter.5}% 60
\BOOKMARK [0][-]{chapter.6}{\376\377\000P\000r\000o\000d\000u\000c\000i\000n\000g\000\040\000s\000l\000i\000d\000e\000\040\000s\000h\000o\000w\000s\000\040\000w\000i\000t\000h\000\040\000P\000a\000n\000d\000o\000c}{}% 61
\BOOKMARK [1][-]{section*.106}{\376\377\000S\000t\000r\000u\000c\000t\000u\000r\000i\000n\000g\000\040\000t\000h\000e\000\040\000s\000l\000i\000d\000e\000\040\000s\000h\000o\000w}{chapter.6}% 62
\BOOKMARK [1][-]{section*.107}{\376\377\000I\000n\000c\000r\000e\000m\000e\000n\000t\000a\000l\000\040\000l\000i\000s\000t\000s}{chapter.6}% 63
\BOOKMARK [1][-]{section*.108}{\376\377\000I\000n\000s\000e\000r\000t\000i\000n\000g\000\040\000p\000a\000u\000s\000e\000s}{chapter.6}% 64
\BOOKMARK [1][-]{section*.109}{\376\377\000S\000t\000y\000l\000i\000n\000g\000\040\000t\000h\000e\000\040\000s\000l\000i\000d\000e\000s}{chapter.6}% 65
\BOOKMARK [1][-]{section*.110}{\376\377\000S\000p\000e\000a\000k\000e\000r\000\040\000n\000o\000t\000e\000s}{chapter.6}% 66
\BOOKMARK [0][-]{chapter.7}{\376\377\000E\000P\000U\000B\000\040\000M\000e\000t\000a\000d\000a\000t\000a}{}% 67
\BOOKMARK [0][-]{chapter.8}{\376\377\000L\000i\000t\000e\000r\000a\000t\000e\000\040\000H\000a\000s\000k\000e\000l\000l\000\040\000s\000u\000p\000p\000o\000r\000t}{}% 68
\BOOKMARK [0][-]{chapter.9}{\376\377\000C\000u\000s\000t\000o\000m\000\040\000w\000r\000i\000t\000e\000r\000s}{}% 69
\BOOKMARK [0][-]{chapter.10}{\376\377\000A\000u\000t\000h\000o\000r\000s}{}% 70
